<?xml version="1.0" encoding="UTF-8"?>
<testng-results skipped="0" failed="0" ignored="0" total="1" passed="1">
  <reporter-output>
  </reporter-output>
  <suite name="Test Suite" duration-ms="8694" started-at="2018-08-02T09:19:24Z" finished-at="2018-08-02T09:19:33Z">
    <groups>
      <group name="cucumber">
        <method signature="AbstractTestNGCucumberTests.feature(cucumber.api.testng.CucumberFeatureWrapper)[pri:0, instance:com.qatest.runner.Runner@b97c004]" name="feature" class="cucumber.api.testng.AbstractTestNGCucumberTests"/>
      </group> <!-- cucumber -->
    </groups>
    <test name="Test Cases Suite" duration-ms="8694" started-at="2018-08-02T09:19:24Z" finished-at="2018-08-02T09:19:33Z">
      <class name="com.qatest.runner.Runner">
        <test-method status="PASS" signature="setUpClass()[pri:0, instance:com.qatest.runner.Runner@b97c004]" name="setUpClass" is-config="true" duration-ms="246" started-at="2018-08-02T15:19:24Z" finished-at="2018-08-02T15:19:25Z">
          <reporter-output>
          </reporter-output>
        </test-method> <!-- setUpClass -->
        <test-method status="PASS" signature="feature(cucumber.api.testng.CucumberFeatureWrapper)[pri:0, instance:com.qatest.runner.Runner@b97c004]" name="feature" duration-ms="8290" started-at="2018-08-02T15:19:25Z" description="Runs Cucumber Feature" data-provider="features" finished-at="2018-08-02T15:19:33Z">
          <params>
            <param index="0">
              <value>
                <![CDATA[User login credentioal regression test]]>
              </value>
            </param>
          </params>
          <reporter-output>
          </reporter-output>
        </test-method> <!-- feature -->
        <test-method status="PASS" signature="tearDownClass()[pri:0, instance:com.qatest.runner.Runner@b97c004]" name="tearDownClass" is-config="true" duration-ms="75" started-at="2018-08-02T15:19:33Z" finished-at="2018-08-02T15:19:33Z">
          <reporter-output>
          </reporter-output>
        </test-method> <!-- tearDownClass -->
      </class> <!-- com.qatest.runner.Runner -->
    </test> <!-- Test Cases Suite -->
  </suite> <!-- Test Suite -->
</testng-results>
